Arguments: 
  C:\Program Files\nodejs\node.exe C:\Program Files (x86)\Yarn\bin\yarn.js add react-navigation

PATH: 
  C:\Program Files\MongoDB\Server\4.2\bin;C:\Windows\system32;C:\Windows;C:\Windows\System32\Wbem;C:\Windows\System32\WindowsPowerShell\v1.0\;C:\Program Files\Microsoft VS Code\bin;C:\Program Files\NVIDIA Corporation\NVIDIA NvDLISR;C:\Program Files\Git\cmd;C:\Program Files\nodejs\;C:\Program Files\PuTTY\;C:\Program Files (x86)\Bitvise SSH Client;C:\ProgramData\chocolatey\bin;C:\xampp\php;C:\composer;c:\winnmp\bin;C:\Program Files (x86)\Yarn\bin;C:\Users\Administrador.GOOGLE\AppData\Roaming\npm;C:\Users\Administrador.GOOGLE\AppData\Local\Microsoft\WindowsApps;C:\Users\Administrador.GOOGLE\AppData\Local\hyper\app-3.0.2\resources\bin;C:\Users\Administrador.GOOGLE\AppData\Local\Yarn\bin;

Yarn version: 
  1.19.0

Node version: 
  10.16.3

Platform: 
  win32 x64

Trace: 
  Error: EPERM: operation not permitted, unlink 'C:\Users\Administrador.GOOGLE\Documents\GitHub\AIRCNC\frontend\app\node_modules\@expo\vector-icons\vendor\react-native-vector-icons'

npm manifest: 
  {
    "main": "node_modules/expo/AppEntry.js",
    "scripts": {
      "start": "expo start",
      "android": "expo start --android",
      "ios": "expo start --ios",
      "web": "expo start --web",
      "eject": "expo eject"
    },
    "dependencies": {
      "expo": "^35.0.0",
      "react": "16.8.3",
      "react-dom": "16.8.3",
      "react-native": "https://github.com/expo/react-native/archive/sdk-35.0.0.tar.gz",
      "react-native-web": "^0.11.7"
    },
    "devDependencies": {
      "babel-preset-expo": "^7.0.0"
    },
    "private": true
  }

yarn manifest: 
  No manifest

Lockfile: 
  No lockfile
